<?xml version="1.0" encoding="UTF-8"?>
<!-- Generated by org.testng.reporters.JUnitXMLReporter -->
<testsuite ignored="1" hostname="winsoft-31" failures="4" tests="10" name="Calculator" time="37.713" errors="0" timestamp="2025-02-21T17:09:39 IST">
  <testcase classname="ACMEproject.Tests.LoginModule.LoginTestCases" name="checkBrokermakermenuAndfieds" time="3.462"/>
  <testcase classname="ACMEproject.Tests.LoginModule.LoginTestCases" name="checkBrokerrecordSave" time="2.528">
    <failure type="java.lang.AssertionError" message="The message displayed is not as expected. expected [Record saved and sent for authorization successfully.] but found [Broker Already Exists in Pending Status]">
      <![CDATA[java.lang.AssertionError: The message displayed is not as expected. expected [Record saved and sent for authorization successfully.] but found [Broker Already Exists in Pending Status]
at ACMEproject.Tests.LoginModule.LoginTestCases.checkBrokerrecordSave(BrokerDpMakerTestCase.java:58)
at java.base/java.util.ArrayList.forEach(ArrayList.java:1511)
at com.intellij.rt.testng.IDEARemoteTestNG.run(IDEARemoteTestNG.java:65)
at com.intellij.rt.testng.RemoteTestNGStarter.main(RemoteTestNGStarter.java:105)
... Removed 29 stack frames]]>
    </failure>
  </testcase> <!-- checkBrokerrecordSave -->
  <testcase classname="ACMEproject.Tests.LoginModule.LoginTestCases" name="CheckSearchBroker" time="1.794"/>
  <testcase classname="ACMEproject.Tests.LoginModule.LoginTestCases" name="CheckBrokerUpdate" time="5.4">
    <failure type="org.openqa.selenium.NoSuchElementException" message="no such element: Unable to locate element: {&amp;quot;method&amp;quot;:&amp;quot;xpath&amp;quot;,&amp;quot;selector&amp;quot;:&amp;quot;//td[@title=&amp;apos;AUTHORIZED&amp;apos;]&amp;quot;}
  (Session info: chrome=133.0.6943.127)
For documentation on this error, please visit: https://www.selenium.dev/documentation/webdriver/troubleshooting/errors#no-such-element-exception
Build info: version: &amp;apos;4.27.0&amp;apos;, revision: &amp;apos;d6e718d134&amp;apos;
System info: os.name: &amp;apos;Windows 10&amp;apos;, os.arch: &amp;apos;amd64&amp;apos;, os.version: &amp;apos;10.0&amp;apos;, java.version: &amp;apos;17.0.12&amp;apos;
Driver info: org.openqa.selenium.chrome.ChromeDriver
Command: [821ee357a2207fd47f5118c324401b34, findElement {using=xpath, value=//td[@title=&amp;apos;AUTHORIZED&amp;apos;]}]
Capabilities {acceptInsecureCerts: false, browserName: chrome, browserVersion: 133.0.6943.127, chrome: {chromedriverVersion: 133.0.6943.126 (cffa127ce7b..., userDataDir: C:\Users\chinmayk\AppData\L...}, fedcm:accounts: true, goog:chromeOptions: {debuggerAddress: localhost:55719}, networkConnectionEnabled: false, pageLoadStrategy: normal, platformName: windows, proxy: Proxy(), se:cdp: ws://localhost:55719/devtoo..., se:cdpVersion: 133.0.6943.127, setWindowRect: true, strictFileInteractability: false, timeouts: {implicit: 0, pageLoad: 300000, script: 30000}, unhandledPromptBehavior: dismiss and notify, webauthn:extension:credBlob: true, webauthn:extension:largeBlob: true, webauthn:extension:minPinLength: true, webauthn:extension:prf: true, webauthn:virtualAuthenticators: true}
Session ID: 821ee357a2207fd47f5118c324401b34">
      <![CDATA[org.openqa.selenium.NoSuchElementException: no such element: Unable to locate element: {"method":"xpath","selector":"//td[@title='AUTHORIZED']"}
  (Session info: chrome=133.0.6943.127)
For documentation on this error, please visit: https://www.selenium.dev/documentation/webdriver/troubleshooting/errors#no-such-element-exception
Build info: version: '4.27.0', revision: 'd6e718d134'
System info: os.name: 'Windows 10', os.arch: 'amd64', os.version: '10.0', java.version: '17.0.12'
Driver info: org.openqa.selenium.chrome.ChromeDriver
Command: [821ee357a2207fd47f5118c324401b34, findElement {using=xpath, value=//td[@title='AUTHORIZED']}]
Capabilities {acceptInsecureCerts: false, browserName: chrome, browserVersion: 133.0.6943.127, chrome: {chromedriverVersion: 133.0.6943.126 (cffa127ce7b..., userDataDir: C:\Users\chinmayk\AppData\L...}, fedcm:accounts: true, goog:chromeOptions: {debuggerAddress: localhost:55719}, networkConnectionEnabled: false, pageLoadStrategy: normal, platformName: windows, proxy: Proxy(), se:cdp: ws://localhost:55719/devtoo..., se:cdpVersion: 133.0.6943.127, setWindowRect: true, strictFileInteractability: false, timeouts: {implicit: 0, pageLoad: 300000, script: 30000}, unhandledPromptBehavior: dismiss and notify, webauthn:extension:credBlob: true, webauthn:extension:largeBlob: true, webauthn:extension:minPinLength: true, webauthn:extension:prf: true, webauthn:virtualAuthenticators: true}
Session ID: 821ee357a2207fd47f5118c324401b34
at org.openqa.selenium.remote.ErrorCodec.decode(ErrorCodec.java:167)
at org.openqa.selenium.remote.codec.w3c.W3CHttpResponseCodec.decode(W3CHttpResponseCodec.java:138)
at org.openqa.selenium.remote.codec.w3c.W3CHttpResponseCodec.decode(W3CHttpResponseCodec.java:50)
at org.openqa.selenium.remote.HttpCommandExecutor.execute(HttpCommandExecutor.java:190)
at org.openqa.selenium.remote.service.DriverCommandExecutor.invokeExecute(DriverCommandExecutor.java:216)
at org.openqa.selenium.remote.service.DriverCommandExecutor.execute(DriverCommandExecutor.java:174)
at org.openqa.selenium.remote.RemoteWebDriver.execute(RemoteWebDriver.java:545)
at org.openqa.selenium.remote.ElementLocation$ElementFinder$2.findElement(ElementLocation.java:165)
at org.openqa.selenium.remote.ElementLocation.findElement(ElementLocation.java:59)
at org.openqa.selenium.remote.RemoteWebDriver.findElement(RemoteWebDriver.java:368)
at org.openqa.selenium.remote.RemoteWebDriver.findElement(RemoteWebDriver.java:362)
at org.openqa.selenium.support.pagefactory.DefaultElementLocator.findElement(DefaultElementLocator.java:68)
at org.openqa.selenium.support.pagefactory.internal.LocatingElementHandler.invoke(LocatingElementHandler.java:38)
at jdk.proxy2/jdk.proxy2.$Proxy29.click(Unknown Source)
at ACMEproject.BusinessLib.Login.checkBrokerDPUpdate(BrokerDpBusiness.java:66)
at ACMEproject.Tests.LoginModule.LoginTestCases.CheckBrokerUpdate(BrokerDpMakerTestCase.java:98)
at java.base/java.util.ArrayList.forEach(ArrayList.java:1511)
at com.intellij.rt.testng.IDEARemoteTestNG.run(IDEARemoteTestNG.java:65)
at com.intellij.rt.testng.RemoteTestNGStarter.main(RemoteTestNGStarter.java:105)
... Removed 29 stack frames]]>
    </failure>
  </testcase> <!-- CheckBrokerUpdate -->
  <testcase classname="ACMEproject.Tests.LoginModule.LoginTestCases" name="CheckBrokerNewBtn" time="1.479">
    <failure type="org.openqa.selenium.ElementClickInterceptedException" message="element click intercepted: Element &amp;lt;table id=&amp;quot;tblGeneric&amp;quot; tabindex=&amp;quot;0&amp;quot; role=&amp;quot;presentation&amp;quot; aria-labelledby=&amp;quot;gbox_tblGeneric&amp;quot; class=&amp;quot;ui-jqgrid-btable&amp;quot; style=&amp;quot;width: 666px; height: 1px;&amp;quot;&amp;gt;...&amp;lt;/table&amp;gt; is not clickable at point (1017, 376). Other element would receive the click: &amp;lt;div class=&amp;quot;ui-state-default ui-corner-top ui-jqgrid-hdiv&amp;quot; style=&amp;quot;width: 666px;&amp;quot;&amp;gt;...&amp;lt;/div&amp;gt;
  (Session info: chrome=133.0.6943.127)
Build info: version: &amp;apos;4.27.0&amp;apos;, revision: &amp;apos;d6e718d134&amp;apos;
System info: os.name: &amp;apos;Windows 10&amp;apos;, os.arch: &amp;apos;amd64&amp;apos;, os.version: &amp;apos;10.0&amp;apos;, java.version: &amp;apos;17.0.12&amp;apos;
Driver info: org.openqa.selenium.chrome.ChromeDriver
Command: [821ee357a2207fd47f5118c324401b34, clickElement {id=f.D74A9E00CAFB929633E3E5C662C247FF.d.4097925BD0FB84C3C0F9AE4BAB736590.e.149}]
Capabilities {acceptInsecureCerts: false, browserName: chrome, browserVersion: 133.0.6943.127, chrome: {chromedriverVersion: 133.0.6943.126 (cffa127ce7b..., userDataDir: C:\Users\chinmayk\AppData\L...}, fedcm:accounts: true, goog:chromeOptions: {debuggerAddress: localhost:55719}, networkConnectionEnabled: false, pageLoadStrategy: normal, platformName: windows, proxy: Proxy(), se:cdp: ws://localhost:55719/devtoo..., se:cdpVersion: 133.0.6943.127, setWindowRect: true, strictFileInteractability: false, timeouts: {implicit: 0, pageLoad: 300000, script: 30000}, unhandledPromptBehavior: dismiss and notify, webauthn:extension:credBlob: true, webauthn:extension:largeBlob: true, webauthn:extension:minPinLength: true, webauthn:extension:prf: true, webauthn:virtualAuthenticators: true}
Element: [[ChromeDriver: chrome on windows (821ee357a2207fd47f5118c324401b34)] -&amp;gt; xpath: //table[@id=&amp;apos;tblGeneric&amp;apos;]]
Session ID: 821ee357a2207fd47f5118c324401b34">
      <![CDATA[org.openqa.selenium.ElementClickInterceptedException: element click intercepted: Element <table id="tblGeneric" tabindex="0" role="presentation" aria-labelledby="gbox_tblGeneric" class="ui-jqgrid-btable" style="width: 666px; height: 1px;">...</table> is not clickable at point (1017, 376). Other element would receive the click: <div class="ui-state-default ui-corner-top ui-jqgrid-hdiv" style="width: 666px;">...</div>
  (Session info: chrome=133.0.6943.127)
Build info: version: '4.27.0', revision: 'd6e718d134'
System info: os.name: 'Windows 10', os.arch: 'amd64', os.version: '10.0', java.version: '17.0.12'
Driver info: org.openqa.selenium.chrome.ChromeDriver
Command: [821ee357a2207fd47f5118c324401b34, clickElement {id=f.D74A9E00CAFB929633E3E5C662C247FF.d.4097925BD0FB84C3C0F9AE4BAB736590.e.149}]
Capabilities {acceptInsecureCerts: false, browserName: chrome, browserVersion: 133.0.6943.127, chrome: {chromedriverVersion: 133.0.6943.126 (cffa127ce7b..., userDataDir: C:\Users\chinmayk\AppData\L...}, fedcm:accounts: true, goog:chromeOptions: {debuggerAddress: localhost:55719}, networkConnectionEnabled: false, pageLoadStrategy: normal, platformName: windows, proxy: Proxy(), se:cdp: ws://localhost:55719/devtoo..., se:cdpVersion: 133.0.6943.127, setWindowRect: true, strictFileInteractability: false, timeouts: {implicit: 0, pageLoad: 300000, script: 30000}, unhandledPromptBehavior: dismiss and notify, webauthn:extension:credBlob: true, webauthn:extension:largeBlob: true, webauthn:extension:minPinLength: true, webauthn:extension:prf: true, webauthn:virtualAuthenticators: true}
Element: [[ChromeDriver: chrome on windows (821ee357a2207fd47f5118c324401b34)] -> xpath: //table[@id='tblGeneric']]
Session ID: 821ee357a2207fd47f5118c324401b34
at org.openqa.selenium.remote.ErrorCodec.decode(ErrorCodec.java:167)
at org.openqa.selenium.remote.codec.w3c.W3CHttpResponseCodec.decode(W3CHttpResponseCodec.java:138)
at org.openqa.selenium.remote.codec.w3c.W3CHttpResponseCodec.decode(W3CHttpResponseCodec.java:50)
at org.openqa.selenium.remote.HttpCommandExecutor.execute(HttpCommandExecutor.java:190)
at org.openqa.selenium.remote.service.DriverCommandExecutor.invokeExecute(DriverCommandExecutor.java:216)
at org.openqa.selenium.remote.service.DriverCommandExecutor.execute(DriverCommandExecutor.java:174)
at org.openqa.selenium.remote.RemoteWebDriver.execute(RemoteWebDriver.java:545)
at org.openqa.selenium.remote.RemoteWebElement.execute(RemoteWebElement.java:223)
at org.openqa.selenium.remote.RemoteWebElement.click(RemoteWebElement.java:76)
at org.openqa.selenium.support.pagefactory.internal.LocatingElementHandler.invoke(LocatingElementHandler.java:51)
at jdk.proxy2/jdk.proxy2.$Proxy29.click(Unknown Source)
at ACMEproject.BusinessLib.Login.checkBrokerNewBtn(BrokerDpBusiness.java:76)
at ACMEproject.Tests.LoginModule.LoginTestCases.CheckBrokerNewBtn(BrokerDpMakerTestCase.java:119)
at java.base/java.util.ArrayList.forEach(ArrayList.java:1511)
at com.intellij.rt.testng.IDEARemoteTestNG.run(IDEARemoteTestNG.java:65)
at com.intellij.rt.testng.RemoteTestNGStarter.main(RemoteTestNGStarter.java:105)
... Removed 33 stack frames]]>
    </failure>
  </testcase> <!-- CheckBrokerNewBtn -->
  <testcase classname="ACMEproject.Tests.LoginModule.LoginTestCases" name="CheckBrokerFieldMandateValidation" time="0.485"/>
  <testcase classname="ACMEproject.Tests.LoginModule.LoginTestCases" name="CheckBrokerAlreadyExist" time="1.375"/>
  <testcase classname="ACMEproject.Tests.UserOptions.UserOptionsTestCases" name="checkEdismakermenuandfieds" time="3.566"/>
  <testcase classname="ACMEproject.Tests.UserOptions.UserOptionsTestCases" name="checkEdisSaveRecord" time="3.312">
    <failure type="java.lang.AssertionError" message="The message displayed is not as expected. expected [Record saved and sent for authorization successfully.] but found [Record Already Exist in Pending Status.Please Authorize record.]">
      <![CDATA[java.lang.AssertionError: The message displayed is not as expected. expected [Record saved and sent for authorization successfully.] but found [Record Already Exist in Pending Status.Please Authorize record.]
at ACMEproject.Tests.UserOptions.UserOptionsTestCases.checkEdisSaveRecord(EDISMakerTestCase.java:51)
at java.base/java.util.ArrayList.forEach(ArrayList.java:1511)
at com.intellij.rt.testng.IDEARemoteTestNG.run(IDEARemoteTestNG.java:65)
at com.intellij.rt.testng.RemoteTestNGStarter.main(RemoteTestNGStarter.java:105)
... Removed 29 stack frames]]>
    </failure>
  </testcase> <!-- checkEdisSaveRecord -->
  <testcase classname="ACMEproject.Tests.UserOptions.UserOptionsTestCases" name="checkInvalidclientid" time="1.807"/>
  <testcase classname="ACMEproject.Framework.ExecutionDriver" name="@BeforeSuite setUp" time="0.0">
    <ignored/>
  </testcase> <!-- @BeforeSuite setUp -->
</testsuite> <!-- Calculator -->
