2025-03-29 17:54:31 [main] INFO  ACMEproject.Framework.ExecutionDriver - WebDriver initialized successfully.
2025-03-29 17:54:33 [main] INFO  ACMEproject.Framework.ExecutionDriver - ACME URL opened successfully.
2025-03-29 17:54:35 [main] INFO  ACMEproject.Tests.LoginTestCases - running test case checkloginsuccessfully starts....
2025-03-29 17:54:40 [main] INFO  ACMEproject.Tests.LoginTestCases - checkloginsuccessfully(priority = 1) test case passed
2025-03-29 17:54:40 [main] INFO  ACMEproject.Tests.LoginTestCases - running test case checkInvalidLoginCred starts....
2025-03-29 17:54:51 [main] INFO  ACMEproject.Tests.LoginTestCases - checkInvalidLoginCred(priority = 2) test case passed
2025-03-29 17:54:51 [main] INFO  ACMEproject.Tests.LoginTestCases - running test case checkRegisrtation starts....
2025-03-29 17:54:56 [main] INFO  ACMEproject.Tests.LoginTestCases - checkRegisrtation(priority = 3) test case passed
2025-03-29 17:55:01 [main] INFO  ACMEproject.Tests.UserOptionsTestCases - running test case checkDownloadClientandSupportMenu starts....
2025-03-29 17:55:04 [main] INFO  ACMEproject.Tests.UserOptionsTestCases - checkDownloadClientandSupportMenu(priority = 1) test case passed
2025-03-29 18:04:11 [main] INFO  ACMEproject.Framework.ExecutionDriver - WebDriver initialized successfully.
2025-03-29 18:04:13 [main] INFO  ACMEproject.Framework.ExecutionDriver - ACME URL opened successfully.
2025-03-29 18:04:15 [main] INFO  ACMEproject.Tests.LoginTestCases - running test case checkloginsuccessfully starts....
2025-03-29 18:04:21 [main] INFO  ACMEproject.Tests.LoginTestCases - checkloginsuccessfully(priority = 1) test case passed
2025-03-29 18:04:21 [main] INFO  ACMEproject.Tests.LoginTestCases - running test case checkInvalidLoginCred starts....
2025-03-29 18:04:32 [main] INFO  ACMEproject.Tests.LoginTestCases - checkInvalidLoginCred(priority = 2) test case passed
2025-03-29 18:04:32 [main] INFO  ACMEproject.Tests.LoginTestCases - running test case checkRegisrtation starts....
2025-03-29 18:04:38 [main] INFO  ACMEproject.Tests.LoginTestCases - checkRegisrtation(priority = 3) test case passed
2025-03-29 18:04:45 [main] INFO  ACMEproject.Tests.UserOptionsTestCases - running test case checkDownloadClientandSupportMenu starts....
2025-03-29 18:04:47 [main] INFO  ACMEproject.Tests.UserOptionsTestCases - checkDownloadClientandSupportMenu(priority = 1) test case passed
2025-07-16 15:56:39 [main] INFO  ACMEproject.Framework.ExecutionDriver - WebDriver initialized successfully.
2025-07-16 15:56:42 [main] INFO  ACMEproject.Framework.ExecutionDriver - ACME URL opened successfully.
2025-07-16 15:56:44 [main] INFO  ACMEproject.Tests.LoginTestCases - running test case checkloginsuccessfully starts....
2025-07-16 15:56:50 [main] INFO  ACMEproject.Tests.LoginTestCases - checkloginsuccessfully(priority = 1) test case passed
2025-07-16 15:56:50 [main] INFO  ACMEproject.Tests.LoginTestCases - running test case checkInvalidLoginCred starts....
2025-07-16 15:57:01 [main] INFO  ACMEproject.Tests.LoginTestCases - checkInvalidLoginCred(priority = 2) test case passed
2025-07-16 15:57:01 [main] INFO  ACMEproject.Tests.LoginTestCases - running test case checkRegisrtation starts....
2025-07-16 15:57:04 [main] INFO  ACMEproject.Tests.LoginTestCases - checkRegisrtation(priority = 3) test case passed
2025-07-16 15:57:07 [main] INFO  ACMEproject.Tests.UserOptionsTestCases - running test case checkDownloadClientandSupportMenu starts....
2025-07-16 15:57:14 [main] INFO  ACMEproject.Tests.UserOptionsTestCases - checkDownloadClientandSupportMenu(priority = 1) test case passed
2025-08-09 20:58:43 [main] INFO  ACMEproject.Framework.ExecutionDriver - WebDriver initialized successfully.
2025-08-09 20:58:46 [main] INFO  ACMEproject.Framework.ExecutionDriver - ACME URL opened successfully.
2025-08-09 20:58:47 [main] INFO  Tests.LoginTestCases - running test case checkloginsuccessfully starts....
2025-08-09 20:58:53 [main] INFO  Tests.LoginTestCases - checkloginsuccessfully(priority = 1) test case passed
2025-08-09 20:58:53 [main] INFO  Tests.LoginTestCases - running test case checkInvalidLoginCred starts....
2025-08-09 20:59:06 [main] INFO  Tests.LoginTestCases - checkInvalidLoginCred(priority = 2) test case passed
2025-08-09 20:59:06 [main] INFO  Tests.LoginTestCases - running test case checkRegisrtation starts....
2025-08-09 20:59:14 [main] INFO  Tests.LoginTestCases - checkRegisrtation(priority = 3) test case passed
2025-08-09 20:59:18 [main] INFO  Tests.UserOptionsTestCases - running test case checkDownloadClientandSupportMenu starts....
2025-08-09 20:59:27 [main] INFO  Tests.UserOptionsTestCases - checkDownloadClientandSupportMenu(priority = 1) test case passed
2025-08-09 22:45:36 [main] INFO  ACMEproject.Framework.ExecutionDriver - WebDriver initialized successfully.
2025-08-09 22:45:38 [main] INFO  ACMEproject.Framework.ExecutionDriver - ACME URL opened successfully.
2025-08-09 22:45:39 [main] INFO  Tests.LoginTestCases - running test case checkloginsuccessfully starts....
2025-08-09 22:45:44 [main] INFO  Tests.LoginTestCases - checkloginsuccessfully(priority = 1) test case passed
2025-08-09 22:45:45 [main] INFO  Tests.LoginTestCases - running test case checkInvalidLoginCred starts....
2025-08-09 22:45:56 [main] INFO  Tests.LoginTestCases - checkInvalidLoginCred(priority = 2) test case passed
2025-08-09 22:45:56 [main] INFO  Tests.LoginTestCases - running test case checkRegisrtation starts....
2025-08-09 22:46:00 [main] INFO  Tests.LoginTestCases - checkRegisrtation(priority = 3) test case passed
2025-08-09 22:46:01 [main] INFO  Tests.UserOptionsTestCases - running test case checkDownloadClientandSupportMenu starts....
2025-08-09 22:46:07 [main] ERROR Tests.UserOptionsTestCases - Error occurred during checkDownloadClientandSupportMenu test case...org.openqa.selenium.json.JsonException: java.lang.reflect.InvocationTargetException
Build info: version: '4.27.0', revision: 'd6e718d134'
System info: os.name: 'Windows 10', os.arch: 'amd64', os.version: '10.0', java.version: '17.0.12'
Driver info: org.openqa.selenium.chrome.ChromeDriver
Command: [cdb270302bde46e818632b3eaa245230, actions {actions=[org.openqa.selenium.interactions.Sequence@78d71df1]}]
Capabilities {acceptInsecureCerts: false, browserName: chrome, browserVersion: 139.0.7258.66, chrome: {chromedriverVersion: 139.0.7258.66 (a62d32994769..., userDataDir: C:\Users\Acer\AppData\Local...}, fedcm:accounts: true, goog:chromeOptions: {debuggerAddress: localhost:63319}, networkConnectionEnabled: false, pageLoadStrategy: normal, platformName: windows, proxy: Proxy(), se:cdp: ws://localhost:63319/devtoo..., se:cdpVersion: 139.0.7258.66, setWindowRect: true, strictFileInteractability: false, timeouts: {implicit: 0, pageLoad: 300000, script: 30000}, unhandledPromptBehavior: dismiss and notify, webauthn:extension:credBlob: true, webauthn:extension:largeBlob: true, webauthn:extension:minPinLength: true, webauthn:extension:prf: true, webauthn:virtualAuthenticators: true}
Session ID: cdb270302bde46e818632b3eaa245230
2025-08-09 22:46:07 [main] INFO  Tests.UserOptionsTestCases - running test case CheckDownloadLegacySystemreport starts....
2025-08-09 22:46:07 [main] ERROR Tests.UserOptionsTestCases - Error occurred during CheckDownloadLegacySystemreport test case...java.lang.NullPointerException: Cannot read field "LegSysDouwnloadbtn" because "this.UseroptionsPage" is null
2025-08-09 22:50:43 [main] INFO  ACMEproject.Framework.ExecutionDriver - WebDriver initialized successfully.
2025-08-09 22:50:47 [main] INFO  ACMEproject.Framework.ExecutionDriver - ACME URL opened successfully.
2025-08-09 22:50:48 [main] INFO  Tests.LoginTestCases - running test case checkloginsuccessfully starts....
2025-08-09 22:50:55 [main] INFO  Tests.LoginTestCases - checkloginsuccessfully(priority = 1) test case passed
2025-08-09 22:50:55 [main] INFO  Tests.LoginTestCases - running test case checkInvalidLoginCred starts....
2025-08-09 22:51:06 [main] INFO  Tests.LoginTestCases - checkInvalidLoginCred(priority = 2) test case passed
2025-08-09 22:51:06 [main] INFO  Tests.LoginTestCases - running test case checkRegisrtation starts....
2025-08-09 22:51:11 [main] INFO  Tests.LoginTestCases - checkRegisrtation(priority = 3) test case passed
2025-08-09 22:51:18 [main] INFO  Tests.UserOptionsTestCases - running test case checkDownloadClientandSupportMenu starts....
2025-08-09 22:51:20 [main] ERROR Tests.UserOptionsTestCases - Error occurred during checkDownloadClientandSupportMenu test case...java.lang.NullPointerException: Cannot read field "pageHeader" because "this.UseroptionsPage" is null
2025-08-09 22:51:20 [main] INFO  Tests.UserOptionsTestCases - running test case CheckDownloadLegacySystemreport starts....
2025-08-09 22:51:21 [main] ERROR Tests.UserOptionsTestCases - CheckDownloadLegacySystemreport(priority = 2) test case Failed..Expected: trueActual:false
2025-08-09 22:53:09 [main] INFO  ACMEproject.Framework.ExecutionDriver - WebDriver initialized successfully.
2025-08-09 22:53:11 [main] INFO  ACMEproject.Framework.ExecutionDriver - ACME URL opened successfully.
2025-08-09 22:53:12 [main] INFO  Tests.LoginTestCases - running test case checkloginsuccessfully starts....
2025-08-09 22:53:17 [main] INFO  Tests.LoginTestCases - checkloginsuccessfully(priority = 1) test case passed
2025-08-09 22:53:18 [main] INFO  Tests.LoginTestCases - running test case checkInvalidLoginCred starts....
2025-08-09 22:53:29 [main] INFO  Tests.LoginTestCases - checkInvalidLoginCred(priority = 2) test case passed
2025-08-09 22:53:29 [main] INFO  Tests.LoginTestCases - running test case checkRegisrtation starts....
2025-08-09 22:53:33 [main] INFO  Tests.LoginTestCases - checkRegisrtation(priority = 3) test case passed
2025-08-09 22:53:35 [main] INFO  Tests.UserOptionsTestCases - running test case checkDownloadClientandSupportMenu starts....
2025-08-09 22:53:42 [main] ERROR Tests.UserOptionsTestCases - Error occurred during checkDownloadClientandSupportMenu test case...java.lang.NullPointerException: Cannot read field "pageHeader" because "this.UseroptionsPage" is null
2025-08-09 22:53:42 [main] INFO  Tests.UserOptionsTestCases - running test case CheckDownloadLegacySystemreport starts....
2025-08-09 22:53:43 [main] ERROR Tests.UserOptionsTestCases - CheckDownloadLegacySystemreport(priority = 2) test case Failed..Expected: trueActual:false
2025-08-09 22:54:54 [main] INFO  ACMEproject.Framework.ExecutionDriver - WebDriver initialized successfully.
2025-08-09 22:54:56 [main] INFO  ACMEproject.Framework.ExecutionDriver - ACME URL opened successfully.
2025-08-09 22:54:58 [main] INFO  Tests.LoginTestCases - running test case checkloginsuccessfully starts....
2025-08-09 22:55:06 [main] INFO  Tests.LoginTestCases - checkloginsuccessfully(priority = 1) test case passed
2025-08-09 22:55:06 [main] INFO  Tests.LoginTestCases - running test case checkInvalidLoginCred starts....
2025-08-09 22:55:20 [main] INFO  Tests.LoginTestCases - checkInvalidLoginCred(priority = 2) test case passed
2025-08-09 22:55:20 [main] INFO  Tests.LoginTestCases - running test case checkRegisrtation starts....
2025-08-09 22:55:26 [main] INFO  Tests.LoginTestCases - checkRegisrtation(priority = 3) test case passed
2025-08-09 22:55:28 [main] INFO  Tests.UserOptionsTestCases - running test case checkDownloadClientandSupportMenu starts....
2025-08-09 22:55:36 [main] ERROR Tests.UserOptionsTestCases - Error occurred during checkDownloadClientandSupportMenu test case...java.lang.NullPointerException: Cannot read field "pageHeader" because "this.UseroptionsPage" is null
2025-08-09 22:55:36 [main] INFO  Tests.UserOptionsTestCases - running test case CheckDownloadLegacySystemreport starts....
2025-08-09 22:55:54 [main] ERROR Tests.UserOptionsTestCases - CheckDownloadLegacySystemreport(priority = 2) test case Failed..Expected: trueActual:false
2025-08-09 22:58:28 [main] INFO  ACMEproject.Framework.ExecutionDriver - WebDriver initialized successfully.
2025-08-09 22:58:32 [main] INFO  ACMEproject.Framework.ExecutionDriver - ACME URL opened successfully.
2025-08-09 22:58:35 [main] INFO  Tests.LoginTestCases - running test case checkloginsuccessfully starts....
2025-08-09 22:58:40 [main] INFO  Tests.LoginTestCases - checkloginsuccessfully(priority = 1) test case passed
2025-08-09 22:58:40 [main] INFO  Tests.LoginTestCases - running test case checkInvalidLoginCred starts....
2025-08-09 22:58:50 [main] INFO  Tests.LoginTestCases - checkInvalidLoginCred(priority = 2) test case passed
2025-08-09 22:58:50 [main] INFO  Tests.LoginTestCases - running test case checkRegisrtation starts....
2025-08-09 22:58:55 [main] INFO  Tests.LoginTestCases - checkRegisrtation(priority = 3) test case passed
2025-08-09 22:59:00 [main] INFO  Tests.UserOptionsTestCases - running test case checkDownloadClientandSupportMenu starts....
2025-08-09 22:59:03 [main] ERROR Tests.UserOptionsTestCases - Error occurred during checkDownloadClientandSupportMenu test case...java.lang.NullPointerException: Cannot read field "pageHeader" because "this.UseroptionsPage" is null
2025-08-09 22:59:03 [main] INFO  Tests.UserOptionsTestCases - running test case CheckDownloadLegacySystemreport starts....
2025-08-09 23:01:17 [main] ERROR Tests.UserOptionsTestCases - Error occurred during CheckDownloadLegacySystemreport test case...org.openqa.selenium.NoSuchSessionException: invalid session id: session deleted as the browser has closed the connection
from disconnected: not connected to DevTools
  (Session info: chrome=139.0.7258.66)
Build info: version: '4.27.0', revision: 'd6e718d134'
System info: os.name: 'Windows 10', os.arch: 'amd64', os.version: '10.0', java.version: '17.0.12'
Driver info: org.openqa.selenium.chrome.ChromeDriver
Command: [716bcd2292e08b0594b0bcf6dd5b47a6, screenshot {}]
Capabilities {acceptInsecureCerts: false, browserName: chrome, browserVersion: 139.0.7258.66, chrome: {chromedriverVersion: 139.0.7258.66 (a62d32994769..., userDataDir: C:\Users\Acer\AppData\Local...}, fedcm:accounts: true, goog:chromeOptions: {debuggerAddress: localhost:63561}, networkConnectionEnabled: false, pageLoadStrategy: normal, platformName: windows, proxy: Proxy(), se:cdp: ws://localhost:63561/devtoo..., se:cdpVersion: 139.0.7258.66, setWindowRect: true, strictFileInteractability: false, timeouts: {implicit: 0, pageLoad: 300000, script: 30000}, unhandledPromptBehavior: dismiss and notify, webauthn:extension:credBlob: true, webauthn:extension:largeBlob: true, webauthn:extension:minPinLength: true, webauthn:extension:prf: true, webauthn:virtualAuthenticators: true}
Session ID: 716bcd2292e08b0594b0bcf6dd5b47a6
2025-08-09 23:02:00 [main] INFO  ACMEproject.Framework.ExecutionDriver - WebDriver initialized successfully.
2025-08-09 23:02:05 [main] INFO  ACMEproject.Framework.ExecutionDriver - ACME URL opened successfully.
2025-08-09 23:02:06 [main] INFO  Tests.LoginTestCases - running test case checkloginsuccessfully starts....
2025-08-09 23:02:12 [main] INFO  Tests.LoginTestCases - checkloginsuccessfully(priority = 1) test case passed
2025-08-09 23:02:12 [main] INFO  Tests.LoginTestCases - running test case checkInvalidLoginCred starts....
2025-08-09 23:02:22 [main] INFO  Tests.LoginTestCases - checkInvalidLoginCred(priority = 2) test case passed
2025-08-09 23:02:22 [main] INFO  Tests.LoginTestCases - running test case checkRegisrtation starts....
2025-08-09 23:02:26 [main] INFO  Tests.LoginTestCases - checkRegisrtation(priority = 3) test case passed
2025-08-09 23:02:32 [main] INFO  Tests.UserOptionsTestCases - running test case checkDownloadClientandSupportMenu starts....
2025-08-09 23:02:35 [main] ERROR Tests.UserOptionsTestCases - Error occurred during checkDownloadClientandSupportMenu test case...java.lang.NullPointerException: Cannot read field "pageHeader" because "this.UseroptionsPage" is null
2025-08-09 23:02:35 [main] INFO  Tests.UserOptionsTestCases - running test case CheckDownloadLegacySystemreport starts....
2025-08-09 23:06:01 [main] INFO  ACMEproject.Framework.ExecutionDriver - WebDriver initialized successfully.
2025-08-09 23:06:04 [main] INFO  ACMEproject.Framework.ExecutionDriver - ACME URL opened successfully.
2025-08-09 23:06:06 [main] INFO  Tests.LoginTestCases - running test case checkloginsuccessfully starts....
2025-08-09 23:06:11 [main] INFO  Tests.LoginTestCases - checkloginsuccessfully(priority = 1) test case passed
2025-08-09 23:06:11 [main] INFO  Tests.LoginTestCases - running test case checkInvalidLoginCred starts....
2025-08-09 23:06:25 [main] INFO  Tests.LoginTestCases - checkInvalidLoginCred(priority = 2) test case passed
2025-08-09 23:06:25 [main] INFO  Tests.LoginTestCases - running test case checkRegisrtation starts....
2025-08-09 23:06:34 [main] INFO  Tests.LoginTestCases - checkRegisrtation(priority = 3) test case passed
2025-08-09 23:06:36 [main] INFO  Tests.UserOptionsTestCases - running test case checkDownloadClientandSupportMenu starts....
2025-08-09 23:06:45 [main] ERROR Tests.UserOptionsTestCases - Error occurred during checkDownloadClientandSupportMenu test case...java.lang.NullPointerException: Cannot read field "pageHeader" because "this.UseroptionsPage" is null
2025-08-09 23:06:45 [main] INFO  Tests.UserOptionsTestCases - running test case CheckDownloadLegacySystemreport starts....
2025-08-10 16:35:18 [main] INFO  ACMEproject.Framework.ExecutionDriver - WebDriver initialized successfully.
2025-08-10 16:35:21 [main] INFO  ACMEproject.Framework.ExecutionDriver - ACME URL opened successfully.
2025-08-10 16:35:22 [main] INFO  Tests.LoginTestCases - running test case checkloginsuccessfully starts....
2025-08-10 16:35:28 [main] INFO  Tests.LoginTestCases - checkloginsuccessfully(priority = 1) test case passed
2025-08-10 16:35:28 [main] INFO  Tests.LoginTestCases - running test case checkInvalidLoginCred starts....
2025-08-10 16:35:40 [main] INFO  Tests.LoginTestCases - checkInvalidLoginCred(priority = 2) test case passed
2025-08-10 16:35:40 [main] INFO  Tests.LoginTestCases - running test case checkRegisrtation starts....
2025-08-10 16:35:44 [main] INFO  Tests.LoginTestCases - checkRegisrtation(priority = 3) test case passed
2025-08-10 16:35:51 [main] INFO  Tests.UserOptionsTestCases - running test case checkDownloadClientandSupportMenu starts....
2025-08-10 16:35:55 [main] ERROR Tests.UserOptionsTestCases - Error occurred during checkDownloadClientandSupportMenu test case...java.lang.NullPointerException: Cannot read field "pageHeader" because "this.UseroptionsPage" is null
2025-08-10 16:35:55 [main] INFO  Tests.UserOptionsTestCases - running test case CheckDownloadLegacySystemreport starts....
2025-08-10 16:35:57 [main] ERROR Tests.UserOptionsTestCases - CheckDownloadLegacySystemreport(priority = 2) test case Failed..Expected: trueActual:false
2025-08-10 16:37:14 [main] INFO  ACMEproject.Framework.ExecutionDriver - WebDriver initialized successfully.
2025-08-10 16:37:17 [main] INFO  ACMEproject.Framework.ExecutionDriver - ACME URL opened successfully.
2025-08-10 16:37:18 [main] INFO  Tests.LoginTestCases - running test case checkloginsuccessfully starts....
2025-08-10 16:37:23 [main] INFO  Tests.LoginTestCases - checkloginsuccessfully(priority = 1) test case passed
2025-08-10 16:37:24 [main] INFO  Tests.LoginTestCases - running test case checkInvalidLoginCred starts....
2025-08-10 16:37:37 [main] INFO  Tests.LoginTestCases - checkInvalidLoginCred(priority = 2) test case passed
2025-08-10 16:37:37 [main] INFO  Tests.LoginTestCases - running test case checkRegisrtation starts....
2025-08-10 16:37:41 [main] INFO  Tests.LoginTestCases - checkRegisrtation(priority = 3) test case passed
2025-08-10 16:37:42 [main] INFO  Tests.UserOptionsTestCases - running test case checkDownloadClientandSupportMenu starts....
2025-08-10 16:37:50 [main] ERROR Tests.UserOptionsTestCases - Error occurred during checkDownloadClientandSupportMenu test case...java.lang.NullPointerException: Cannot read field "pageHeader" because "this.UseroptionsPage" is null
2025-08-10 16:37:50 [main] INFO  Tests.UserOptionsTestCases - running test case CheckDownloadLegacySystemreport starts....
2025-08-10 16:40:14 [main] INFO  ACMEproject.Framework.ExecutionDriver - WebDriver initialized successfully.
2025-08-10 16:40:17 [main] INFO  ACMEproject.Framework.ExecutionDriver - ACME URL opened successfully.
2025-08-10 16:40:18 [main] INFO  Tests.LoginTestCases - running test case checkloginsuccessfully starts....
2025-08-10 16:40:23 [main] INFO  Tests.LoginTestCases - checkloginsuccessfully(priority = 1) test case passed
2025-08-10 16:40:23 [main] INFO  Tests.LoginTestCases - running test case checkInvalidLoginCred starts....
2025-08-10 16:40:35 [main] INFO  Tests.LoginTestCases - checkInvalidLoginCred(priority = 2) test case passed
2025-08-10 16:40:35 [main] INFO  Tests.LoginTestCases - running test case checkRegisrtation starts....
2025-08-10 16:40:39 [main] INFO  Tests.LoginTestCases - checkRegisrtation(priority = 3) test case passed
2025-08-10 16:40:40 [main] INFO  Tests.UserOptionsTestCases - running test case checkDownloadClientandSupportMenu starts....
2025-08-10 16:40:48 [main] ERROR Tests.UserOptionsTestCases - Error occurred during checkDownloadClientandSupportMenu test case...java.lang.NullPointerException: Cannot read field "pageHeader" because "this.UseroptionsPage" is null
2025-08-10 16:40:48 [main] INFO  Tests.UserOptionsTestCases - running test case CheckDownloadLegacySystemreport starts....
2025-08-10 16:43:00 [main] INFO  ACMEproject.Framework.ExecutionDriver - WebDriver initialized successfully.
2025-08-10 16:43:03 [main] INFO  ACMEproject.Framework.ExecutionDriver - ACME URL opened successfully.
2025-08-10 16:43:05 [main] INFO  Tests.LoginTestCases - running test case checkloginsuccessfully starts....
2025-08-10 16:43:10 [main] INFO  Tests.LoginTestCases - checkloginsuccessfully(priority = 1) test case passed
2025-08-10 16:43:10 [main] INFO  Tests.LoginTestCases - running test case checkInvalidLoginCred starts....
2025-08-10 16:43:23 [main] INFO  Tests.LoginTestCases - checkInvalidLoginCred(priority = 2) test case passed
2025-08-10 16:43:23 [main] INFO  Tests.LoginTestCases - running test case checkRegisrtation starts....
2025-08-10 16:43:26 [main] INFO  Tests.LoginTestCases - checkRegisrtation(priority = 3) test case passed
2025-08-10 16:43:28 [main] INFO  Tests.UserOptionsTestCases - running test case checkDownloadClientandSupportMenu starts....
2025-08-10 16:43:35 [main] ERROR Tests.UserOptionsTestCases - Error occurred during checkDownloadClientandSupportMenu test case...java.lang.NullPointerException: Cannot read field "pageHeader" because "this.UseroptionsPage" is null
2025-08-10 16:43:35 [main] INFO  Tests.UserOptionsTestCases - running test case CheckDownloadLegacySystemreport starts....
2025-08-10 16:44:50 [main] INFO  ACMEproject.Framework.ExecutionDriver - WebDriver initialized successfully.
2025-08-10 16:44:53 [main] INFO  ACMEproject.Framework.ExecutionDriver - ACME URL opened successfully.
2025-08-10 16:44:54 [main] INFO  Tests.LoginTestCases - running test case checkloginsuccessfully starts....
2025-08-10 16:45:00 [main] INFO  Tests.LoginTestCases - checkloginsuccessfully(priority = 1) test case passed
2025-08-10 16:45:01 [main] INFO  Tests.LoginTestCases - running test case checkInvalidLoginCred starts....
2025-08-10 16:45:12 [main] INFO  Tests.LoginTestCases - checkInvalidLoginCred(priority = 2) test case passed
2025-08-10 16:45:12 [main] INFO  Tests.LoginTestCases - running test case checkRegisrtation starts....
2025-08-10 16:45:16 [main] INFO  Tests.LoginTestCases - checkRegisrtation(priority = 3) test case passed
2025-08-10 16:45:18 [main] INFO  Tests.UserOptionsTestCases - running test case checkDownloadClientandSupportMenu starts....
2025-08-10 16:45:25 [main] ERROR Tests.UserOptionsTestCases - Error occurred during checkDownloadClientandSupportMenu test case...java.lang.NullPointerException: Cannot read field "pageHeader" because "this.UseroptionsPage" is null
2025-08-10 16:45:25 [main] INFO  Tests.UserOptionsTestCases - running test case CheckDownloadLegacySystemreport starts....
2025-08-10 16:46:07 [main] INFO  ACMEproject.Framework.ExecutionDriver - WebDriver initialized successfully.
2025-08-10 16:46:10 [main] INFO  ACMEproject.Framework.ExecutionDriver - ACME URL opened successfully.
2025-08-10 16:46:11 [main] INFO  Tests.LoginTestCases - running test case checkloginsuccessfully starts....
2025-08-10 16:46:16 [main] INFO  Tests.LoginTestCases - checkloginsuccessfully(priority = 1) test case passed
2025-08-10 16:46:16 [main] INFO  Tests.LoginTestCases - running test case checkInvalidLoginCred starts....
2025-08-10 16:46:30 [main] INFO  Tests.LoginTestCases - checkInvalidLoginCred(priority = 2) test case passed
2025-08-10 16:46:30 [main] INFO  Tests.LoginTestCases - running test case checkRegisrtation starts....
2025-08-10 16:46:34 [main] INFO  Tests.LoginTestCases - checkRegisrtation(priority = 3) test case passed
2025-08-10 16:46:35 [main] INFO  Tests.UserOptionsTestCases - running test case checkDownloadClientandSupportMenu starts....
2025-08-10 16:46:43 [main] ERROR Tests.UserOptionsTestCases - Error occurred during checkDownloadClientandSupportMenu test case...java.lang.NullPointerException: Cannot read field "pageHeader" because "this.UseroptionsPage" is null
2025-08-10 16:46:43 [main] INFO  Tests.UserOptionsTestCases - running test case CheckDownloadLegacySystemreport starts....
2025-08-10 16:47:31 [main] INFO  Tests.UserOptionsTestCases - CheckDownloadLegacySystemreport(priority = 2) test case passed
2025-08-10 16:48:57 [main] INFO  ACMEproject.Framework.ExecutionDriver - WebDriver initialized successfully.
2025-08-10 16:49:00 [main] INFO  ACMEproject.Framework.ExecutionDriver - ACME URL opened successfully.
2025-08-10 16:49:01 [main] INFO  Tests.LoginTestCases - running test case checkloginsuccessfully starts....
2025-08-10 16:49:07 [main] INFO  Tests.LoginTestCases - checkloginsuccessfully(priority = 1) test case passed
2025-08-10 16:49:07 [main] INFO  Tests.LoginTestCases - running test case checkInvalidLoginCred starts....
2025-08-10 16:49:20 [main] INFO  Tests.LoginTestCases - checkInvalidLoginCred(priority = 2) test case passed
2025-08-10 16:49:20 [main] INFO  Tests.LoginTestCases - running test case checkRegisrtation starts....
2025-08-10 16:49:24 [main] INFO  Tests.LoginTestCases - checkRegisrtation(priority = 3) test case passed
2025-08-10 16:49:32 [main] INFO  Tests.UserOptionsTestCases - running test case checkDownloadClientandSupportMenu starts....
2025-08-10 16:49:35 [main] ERROR Tests.UserOptionsTestCases - Error occurred during checkDownloadClientandSupportMenu test case...java.lang.NullPointerException: Cannot read field "pageHeader" because "this.UseroptionsPage" is null
2025-08-10 16:49:35 [main] INFO  Tests.UserOptionsTestCases - running test case CheckDownloadLegacySystemreport starts....
2025-08-10 16:49:35 [main] ERROR Tests.UserOptionsTestCases - CheckDownloadLegacySystemreport(priority = 2) test case Failed..Expected: trueActual:false
2025-08-10 16:51:14 [main] INFO  ACMEproject.Framework.ExecutionDriver - WebDriver initialized successfully.
2025-08-10 16:51:17 [main] INFO  ACMEproject.Framework.ExecutionDriver - ACME URL opened successfully.
2025-08-10 16:51:18 [main] INFO  Tests.LoginTestCases - running test case checkloginsuccessfully starts....
2025-08-10 16:51:24 [main] INFO  Tests.LoginTestCases - checkloginsuccessfully(priority = 1) test case passed
2025-08-10 16:51:24 [main] INFO  Tests.LoginTestCases - running test case checkInvalidLoginCred starts....
2025-08-10 16:51:37 [main] INFO  Tests.LoginTestCases - checkInvalidLoginCred(priority = 2) test case passed
2025-08-10 16:51:37 [main] INFO  Tests.LoginTestCases - running test case checkRegisrtation starts....
2025-08-10 16:51:43 [main] INFO  Tests.LoginTestCases - checkRegisrtation(priority = 3) test case passed
2025-08-10 16:51:46 [main] INFO  Tests.UserOptionsTestCases - running test case checkDownloadClientandSupportMenu starts....
2025-08-10 16:51:55 [main] ERROR Tests.UserOptionsTestCases - Error occurred during checkDownloadClientandSupportMenu test case...java.lang.NullPointerException: Cannot read field "pageHeader" because "this.UseroptionsPage" is null
2025-08-10 16:51:55 [main] INFO  Tests.UserOptionsTestCases - running test case CheckDownloadLegacySystemreport starts....
2025-08-10 16:51:55 [main] ERROR Tests.UserOptionsTestCases - CheckDownloadLegacySystemreport(priority = 2) test case Failed..Expected: trueActual:false
2025-08-10 16:54:57 [main] INFO  ACMEproject.Framework.ExecutionDriver - WebDriver initialized successfully.
2025-08-10 16:54:59 [main] INFO  ACMEproject.Framework.ExecutionDriver - ACME URL opened successfully.
2025-08-10 16:55:02 [main] INFO  Tests.LoginTestCases - running test case checkloginsuccessfully starts....
2025-08-10 16:55:08 [main] ERROR Tests.LoginTestCases - Error occurred during checkloginsuccessfully test case...org.openqa.selenium.StaleElementReferenceException: stale element reference: stale element not found
  (Session info: chrome=139.0.7258.66)
For documentation on this error, please visit: https://www.selenium.dev/documentation/webdriver/troubleshooting/errors#stale-element-reference-exception
Build info: version: '4.27.0', revision: 'd6e718d134'
System info: os.name: 'Windows 10', os.arch: 'amd64', os.version: '10.0', java.version: '17.0.12'
Driver info: org.openqa.selenium.chrome.ChromeDriver
Command: [675d5eacd5590fb0ca13eec880ad5a4b, isElementDisplayed {id=f.6B1449CD466B03B5D58EBE67C2A8A63A.d.2A2945F1F7766A210BE242C4C0DBB9BF.e.23}]
Capabilities {acceptInsecureCerts: false, browserName: chrome, browserVersion: 139.0.7258.66, chrome: {chromedriverVersion: 139.0.7258.66 (a62d32994769..., userDataDir: C:\Users\Acer\AppData\Local...}, fedcm:accounts: true, goog:chromeOptions: {debuggerAddress: localhost:54790}, networkConnectionEnabled: false, pageLoadStrategy: normal, platformName: windows, proxy: Proxy(), se:cdp: ws://localhost:54790/devtoo..., se:cdpVersion: 139.0.7258.66, setWindowRect: true, strictFileInteractability: false, timeouts: {implicit: 0, pageLoad: 300000, script: 30000}, unhandledPromptBehavior: dismiss and notify, webauthn:extension:credBlob: true, webauthn:extension:largeBlob: true, webauthn:extension:minPinLength: true, webauthn:extension:prf: true, webauthn:virtualAuthenticators: true}
Element: [[ChromeDriver: chrome on windows (675d5eacd5590fb0ca13eec880ad5a4b)] -> xpath: //h1[@class='page-header']]
Session ID: 675d5eacd5590fb0ca13eec880ad5a4b
2025-08-10 16:55:08 [main] INFO  Tests.LoginTestCases - running test case checkInvalidLoginCred starts....
2025-08-10 16:55:17 [main] INFO  Tests.LoginTestCases - checkInvalidLoginCred(priority = 2) test case passed
2025-08-10 16:55:17 [main] INFO  Tests.LoginTestCases - running test case checkRegisrtation starts....
2025-08-10 16:55:21 [main] INFO  Tests.LoginTestCases - checkRegisrtation(priority = 3) test case passed
2025-08-10 16:55:23 [main] INFO  Tests.UserOptionsTestCases - running test case checkDownloadClientandSupportMenu starts....
2025-08-10 16:55:30 [main] ERROR Tests.UserOptionsTestCases - Error occurred during checkDownloadClientandSupportMenu test case...java.lang.NullPointerException: Cannot read field "pageHeader" because "this.UseroptionsPage" is null
2025-08-10 16:55:30 [main] INFO  Tests.UserOptionsTestCases - running test case CheckDownloadLegacySystemreport starts....
2025-08-10 16:55:30 [main] ERROR Tests.UserOptionsTestCases - CheckDownloadLegacySystemreport(priority = 2) test case Failed..Expected: trueActual:false
2025-08-10 16:57:02 [main] INFO  ACMEproject.Framework.ExecutionDriver - WebDriver initialized successfully.
2025-08-10 16:57:05 [main] INFO  ACMEproject.Framework.ExecutionDriver - ACME URL opened successfully.
2025-08-10 16:57:06 [main] INFO  Tests.LoginTestCases - running test case checkloginsuccessfully starts....
2025-08-10 16:57:11 [main] INFO  Tests.LoginTestCases - checkloginsuccessfully(priority = 1) test case passed
2025-08-10 16:57:11 [main] INFO  Tests.LoginTestCases - running test case checkInvalidLoginCred starts....
2025-08-10 16:57:23 [main] INFO  Tests.LoginTestCases - checkInvalidLoginCred(priority = 2) test case passed
2025-08-10 16:57:23 [main] INFO  Tests.LoginTestCases - running test case checkRegisrtation starts....
2025-08-10 16:57:27 [main] INFO  Tests.LoginTestCases - checkRegisrtation(priority = 3) test case passed
2025-08-10 16:57:29 [main] INFO  Tests.UserOptionsTestCases - running test case checkDownloadClientandSupportMenu starts....
2025-08-10 16:57:38 [main] ERROR Tests.UserOptionsTestCases - Error occurred during checkDownloadClientandSupportMenu test case...java.lang.NullPointerException: Cannot read field "pageHeader" because "this.UseroptionsPage" is null
2025-08-10 16:57:38 [main] INFO  Tests.UserOptionsTestCases - running test case CheckDownloadLegacySystemreport starts....
2025-08-10 16:58:30 [main] INFO  ACMEproject.Framework.ExecutionDriver - WebDriver initialized successfully.
2025-08-10 16:58:34 [main] INFO  ACMEproject.Framework.ExecutionDriver - ACME URL opened successfully.
2025-08-10 16:58:35 [main] INFO  Tests.LoginTestCases - running test case checkloginsuccessfully starts....
2025-08-10 16:58:41 [main] INFO  Tests.LoginTestCases - checkloginsuccessfully(priority = 1) test case passed
2025-08-10 16:58:41 [main] INFO  Tests.LoginTestCases - running test case checkInvalidLoginCred starts....
2025-08-10 16:58:53 [main] INFO  Tests.LoginTestCases - checkInvalidLoginCred(priority = 2) test case passed
2025-08-10 16:58:53 [main] INFO  Tests.LoginTestCases - running test case checkRegisrtation starts....
2025-08-10 16:58:57 [main] INFO  Tests.LoginTestCases - checkRegisrtation(priority = 3) test case passed
2025-08-10 16:59:04 [main] INFO  Tests.UserOptionsTestCases - running test case checkDownloadClientandSupportMenu starts....
2025-08-10 16:59:06 [main] ERROR Tests.UserOptionsTestCases - Error occurred during checkDownloadClientandSupportMenu test case...java.lang.NullPointerException: Cannot read field "pageHeader" because "this.UseroptionsPage" is null
2025-08-10 16:59:06 [main] INFO  Tests.UserOptionsTestCases - running test case CheckDownloadLegacySystemreport starts....
2025-08-10 16:59:41 [main] INFO  Tests.UserOptionsTestCases - CheckDownloadLegacySystemreport(priority = 2) test case passed
2025-08-10 17:08:47 [main] INFO  ACMEproject.Framework.ExecutionDriver - WebDriver initialized successfully.
2025-08-10 17:08:50 [main] INFO  ACMEproject.Framework.ExecutionDriver - ACME URL opened successfully.
2025-08-10 17:08:51 [main] INFO  Tests.LoginTestCases - running test case checkloginsuccessfully starts....
2025-08-10 17:08:57 [main] INFO  Tests.LoginTestCases - checkloginsuccessfully(priority = 1) test case passed
2025-08-10 17:08:57 [main] INFO  Tests.LoginTestCases - running test case checkInvalidLoginCred starts....
2025-08-10 17:09:09 [main] INFO  Tests.LoginTestCases - checkInvalidLoginCred(priority = 2) test case passed
2025-08-10 17:09:09 [main] INFO  Tests.LoginTestCases - running test case checkRegisrtation starts....
2025-08-10 17:09:13 [main] INFO  Tests.LoginTestCases - checkRegisrtation(priority = 3) test case passed
2025-08-10 17:09:19 [main] INFO  Tests.UserOptionsTestCases - running test case checkDownloadClientandSupportMenu starts....
2025-08-10 17:09:22 [main] ERROR Tests.UserOptionsTestCases - Error occurred during checkDownloadClientandSupportMenu test case...java.lang.NullPointerException: Cannot read field "pageHeader" because "this.UseroptionsPage" is null
2025-08-10 17:09:22 [main] INFO  Tests.UserOptionsTestCases - running test case CheckDownloadLegacySystemreport starts....
2025-08-10 17:09:23 [main] ERROR Tests.UserOptionsTestCases - Error occurred during CheckDownloadLegacySystemreport test case...java.lang.IllegalMonitorStateException: current thread is not owner
