2025-02-18 21:35:38 [main] INFO  ACMEproject.Framework.ExecutionDriver - WebDriver initialized successfully.
2025-02-18 21:35:45 [main] INFO  ACMEproject.Framework.ExecutionDriver - ACMEproject URL opened successfully.
2025-02-18 21:35:48 [main] INFO  ACMEproject.Framework.ExecutionDriver - Attempting to log in...
2025-02-18 21:35:48 [main] INFO  ACMEproject.Framework.ExecutionDriver - Alert present while logging in...
2025-02-18 21:35:51 [main] INFO  ACMEproject.Framework.ExecutionDriver - Attempting to log in...
2025-02-18 21:35:51 [main] INFO  ACMEproject.Framework.ExecutionDriver - Login successfully with alert!
2025-02-18 21:35:51 [main] INFO  ACMEproject.Tests.LoginModule.LoginTestCases - running test case checkBrokermakermenuAndfieds starts....
2025-02-18 21:35:56 [main] INFO  ACMEproject.Tests.LoginModule.LoginTestCases - checkBrokermakermenuAndfieds(priority = 1) tset case passed
2025-02-18 21:35:56 [main] INFO  ACMEproject.Tests.LoginModule.LoginTestCases - running test case checkBrokerrecordSave starts....
2025-02-18 21:35:57 [main] INFO  ACMEproject.Tests.LoginModule.LoginTestCases - checkBrokerrecordSave(priority = 2) test case passed
2025-02-18 21:35:58 [main] INFO  ACMEproject.Tests.LoginModule.LoginTestCases - running test case SearchBroker starts....
2025-02-18 21:35:59 [main] INFO  ACMEproject.Tests.LoginModule.LoginTestCases - CheckSearchBroker(priority = 3) tset case passed
2025-02-18 21:35:59 [main] INFO  ACMEproject.Tests.LoginModule.LoginTestCases - running test case CheckBrokerUpdate starts....
2025-02-18 21:36:02 [main] INFO  ACMEproject.Tests.LoginModule.LoginTestCases - CheckBrokerUpdate(priority = 4) tset case passed
2025-02-18 21:36:02 [main] INFO  ACMEproject.Tests.LoginModule.LoginTestCases - running test case CheckBrokerNewBtn starts....
2025-02-18 21:36:03 [main] INFO  ACMEproject.Tests.LoginModule.LoginTestCases - CheckBrokerNewBtn(priority = 5) tset case passed
2025-02-18 21:36:03 [main] INFO  ACMEproject.Tests.LoginModule.LoginTestCases - running test case CheckBrokerFieldMandateValidation starts....
2025-02-18 21:36:03 [main] INFO  ACMEproject.Tests.LoginModule.LoginTestCases - CheckBrokerFieldMandateValidation(priority = 6) tset case passed
2025-02-18 21:36:03 [main] INFO  ACMEproject.Tests.LoginModule.LoginTestCases - running test case CheckBrokerAlreadyExist starts....
2025-02-18 21:38:31 [main] INFO  ACMEproject.Framework.ExecutionDriver - WebDriver initialized successfully.
2025-02-18 21:38:35 [main] INFO  ACMEproject.Framework.ExecutionDriver - ACMEproject URL opened successfully.
2025-02-18 21:38:37 [main] INFO  ACMEproject.Framework.ExecutionDriver - Attempting to log in...
2025-02-18 21:38:37 [main] INFO  ACMEproject.Framework.ExecutionDriver - Alert present while logging in...
2025-02-18 21:38:40 [main] INFO  ACMEproject.Framework.ExecutionDriver - Attempting to log in...
2025-02-18 21:38:40 [main] INFO  ACMEproject.Framework.ExecutionDriver - Login successfully with alert!
2025-02-18 21:38:40 [main] INFO  ACMEproject.Tests.LoginModule.LoginTestCases - running test case checkBrokermakermenuAndfieds starts....
2025-02-18 21:38:43 [main] INFO  ACMEproject.Tests.LoginModule.LoginTestCases - checkBrokermakermenuAndfieds(priority = 1) tset case passed
2025-02-18 21:38:43 [main] INFO  ACMEproject.Tests.LoginModule.LoginTestCases - running test case checkBrokerrecordSave starts....
2025-02-18 21:38:45 [main] INFO  ACMEproject.Tests.LoginModule.LoginTestCases - checkBrokerrecordSave(priority = 2) test case passed
2025-02-18 21:38:45 [main] INFO  ACMEproject.Tests.LoginModule.LoginTestCases - running test case SearchBroker starts....
2025-02-18 21:38:47 [main] INFO  ACMEproject.Tests.LoginModule.LoginTestCases - CheckSearchBroker(priority = 3) tset case passed
2025-02-18 21:38:47 [main] INFO  ACMEproject.Tests.LoginModule.LoginTestCases - running test case CheckBrokerUpdate starts....
2025-02-18 21:38:50 [main] INFO  ACMEproject.Tests.LoginModule.LoginTestCases - CheckBrokerUpdate(priority = 4) tset case passed
2025-02-18 21:38:50 [main] INFO  ACMEproject.Tests.LoginModule.LoginTestCases - running test case CheckBrokerNewBtn starts....
2025-02-18 21:38:51 [main] INFO  ACMEproject.Tests.LoginModule.LoginTestCases - CheckBrokerNewBtn(priority = 5) tset case passed
2025-02-18 21:38:51 [main] INFO  ACMEproject.Tests.LoginModule.LoginTestCases - running test case CheckBrokerFieldMandateValidation starts....
2025-02-18 21:38:52 [main] INFO  ACMEproject.Tests.LoginModule.LoginTestCases - CheckBrokerFieldMandateValidation(priority = 6) tset case passed
2025-02-18 21:38:52 [main] INFO  ACMEproject.Tests.LoginModule.LoginTestCases - running test case CheckBrokerAlreadyExist starts....
2025-02-18 21:38:53 [main] INFO  ACMEproject.Tests.LoginModule.LoginTestCases - CheckBrokerAlreadyExist(priority = 7) tset case passed
2025-02-18 21:39:49 [main] INFO  ACMEproject.Framework.ExecutionDriver - WebDriver initialized successfully.
2025-02-18 21:39:53 [main] INFO  ACMEproject.Framework.ExecutionDriver - ACMEproject URL opened successfully.
2025-02-18 21:39:55 [main] INFO  ACMEproject.Framework.ExecutionDriver - Attempting to log in...
2025-02-18 21:39:55 [main] INFO  ACMEproject.Framework.ExecutionDriver - Alert present while logging in...
2025-02-18 21:39:58 [main] INFO  ACMEproject.Framework.ExecutionDriver - Attempting to log in...
2025-02-18 21:39:58 [main] INFO  ACMEproject.Framework.ExecutionDriver - Login successfully with alert!
2025-02-18 21:39:58 [main] INFO  ACMEproject.Tests.LoginModule.LoginTestCases - running test case checkBrokermakermenuAndfieds starts....
2025-02-18 21:40:00 [main] INFO  ACMEproject.Tests.LoginModule.LoginTestCases - checkBrokermakermenuAndfieds(priority = 1) tset case passed
2025-02-18 21:40:01 [main] INFO  ACMEproject.Tests.LoginModule.LoginTestCases - running test case checkBrokerrecordSave starts....
2025-02-18 21:40:02 [main] ERROR ACMEproject.Tests.LoginModule.LoginTestCases - checkBrokerrecordSave(priority = 2) test case Failed..Expected: Record saved and sent for authorization successfully.Actual:Broker Already Exists in Pending Status
2025-02-18 21:40:02 [main] INFO  ACMEproject.Tests.LoginModule.LoginTestCases - running test case SearchBroker starts....
2025-02-18 21:40:04 [main] INFO  ACMEproject.Tests.LoginModule.LoginTestCases - CheckSearchBroker(priority = 3) tset case passed
2025-02-18 21:40:04 [main] INFO  ACMEproject.Tests.LoginModule.LoginTestCases - running test case CheckBrokerUpdate starts....
2025-02-18 21:40:06 [main] INFO  ACMEproject.Tests.LoginModule.LoginTestCases - CheckBrokerUpdate(priority = 4) tset case passed
2025-02-18 21:40:06 [main] INFO  ACMEproject.Tests.LoginModule.LoginTestCases - running test case CheckBrokerNewBtn starts....
2025-02-18 21:40:08 [main] INFO  ACMEproject.Tests.LoginModule.LoginTestCases - CheckBrokerNewBtn(priority = 5) tset case passed
2025-02-18 21:40:08 [main] INFO  ACMEproject.Tests.LoginModule.LoginTestCases - running test case CheckBrokerFieldMandateValidation starts....
2025-02-18 21:40:08 [main] INFO  ACMEproject.Tests.LoginModule.LoginTestCases - CheckBrokerFieldMandateValidation(priority = 6) tset case passed
2025-02-18 21:40:08 [main] INFO  ACMEproject.Tests.LoginModule.LoginTestCases - running test case CheckBrokerAlreadyExist starts....
2025-02-18 21:40:10 [main] INFO  ACMEproject.Tests.LoginModule.LoginTestCases - CheckBrokerAlreadyExist(priority = 7) tset case passed
2025-02-18 21:40:10 [main] INFO  ACMEproject.Tests.UserOptions.UserOptionsTestCases - running test case checkEdismakermenuandfieds starts....
2025-02-18 21:40:16 [main] ERROR ACMEproject.Tests.UserOptions.UserOptionsTestCases - Error Occurred during checkEdisSaveRecord Test case...Actual:Record Already Exist in Pending Status.Please Authorize record.Expected:Record saved and sent for authorization successfully.
2025-02-21 16:34:56 [main] INFO  ACMEproject.Framework.ExecutionDriver - WebDriver initialized successfully.
2025-02-21 16:35:22 [main] INFO  ACMEproject.Framework.ExecutionDriver - ACMEproject URL opened successfully.
2025-02-21 16:35:40 [main] INFO  ACMEproject.Framework.ExecutionDriver - Attempting to log in...
2025-02-21 16:35:40 [main] INFO  ACMEproject.Framework.ExecutionDriver - Login successfully!
2025-02-21 16:35:41 [main] INFO  ACMEproject.Tests.LoginModule.LoginTestCases - running test case checkBrokermakermenuAndfieds starts....
2025-02-21 16:35:51 [main] INFO  ACMEproject.Tests.LoginModule.LoginTestCases - checkBrokermakermenuAndfieds(priority = 1) tset case passed
2025-02-21 16:35:51 [main] INFO  ACMEproject.Tests.LoginModule.LoginTestCases - running test case checkBrokerrecordSave starts....
2025-02-21 16:35:56 [main] ERROR ACMEproject.Tests.LoginModule.LoginTestCases - checkBrokerrecordSave(priority = 2) test case Failed..Expected: Record saved and sent for authorization successfully.Actual:Broker Already Exists in Pending Status
2025-02-21 16:35:59 [main] INFO  ACMEproject.Tests.LoginModule.LoginTestCases - running test case SearchBroker starts....
2025-02-21 16:36:02 [main] INFO  ACMEproject.Tests.LoginModule.LoginTestCases - CheckSearchBroker(priority = 3) tset case passed
2025-02-21 16:36:02 [main] INFO  ACMEproject.Tests.LoginModule.LoginTestCases - running test case CheckBrokerUpdate starts....
2025-02-21 16:36:06 [main] INFO  ACMEproject.Tests.LoginModule.LoginTestCases - CheckBrokerUpdate(priority = 4) tset case passed
2025-02-21 16:36:06 [main] INFO  ACMEproject.Tests.LoginModule.LoginTestCases - running test case CheckBrokerNewBtn starts....
2025-02-21 16:36:11 [main] INFO  ACMEproject.Tests.LoginModule.LoginTestCases - running test case CheckBrokerFieldMandateValidation starts....
2025-02-21 16:36:13 [main] INFO  ACMEproject.Tests.LoginModule.LoginTestCases - CheckBrokerFieldMandateValidation(priority = 6) tset case passed
2025-02-21 16:36:14 [main] INFO  ACMEproject.Tests.LoginModule.LoginTestCases - running test case CheckBrokerAlreadyExist starts....
2025-02-21 16:36:17 [main] INFO  ACMEproject.Tests.LoginModule.LoginTestCases - CheckBrokerAlreadyExist(priority = 7) tset case passed
2025-02-21 16:36:17 [main] INFO  ACMEproject.Tests.UserOptions.UserOptionsTestCases - running test case checkEdismakermenuandfieds starts....
2025-02-21 16:36:27 [main] ERROR ACMEproject.Tests.UserOptions.UserOptionsTestCases - Error Occurred during checkEdisSaveRecord Test case...Actual:Record Already Exist in Pending Status.Please Authorize record.Expected:Record saved and sent for authorization successfully.
2025-02-21 16:48:21 [main] ERROR ACMEproject.Framework.ExecutionDriver - An error occurred during setup: invalid session id: session deleted as the browser has closed the connection
from disconnected: not connected to DevTools
  (Session info: chrome=133.0.6943.127)
Build info: version: '4.27.0', revision: 'd6e718d134'
System info: os.name: 'Windows 10', os.arch: 'amd64', os.version: '10.0', java.version: '17.0.12'
Driver info: org.openqa.selenium.chrome.ChromeDriver
Command: [b72c513026a5216b011cddef3aa60251, maximizeCurrentWindow {}]
Capabilities {acceptInsecureCerts: false, browserName: chrome, browserVersion: 133.0.6943.127, chrome: {chromedriverVersion: 133.0.6943.126 (cffa127ce7b..., userDataDir: C:\Users\chinmayk\AppData\L...}, fedcm:accounts: true, goog:chromeOptions: {debuggerAddress: localhost:55298}, networkConnectionEnabled: false, pageLoadStrategy: normal, platformName: windows, proxy: Proxy(), setWindowRect: true, strictFileInteractability: false, timeouts: {implicit: 0, pageLoad: 300000, script: 30000}, unhandledPromptBehavior: dismiss and notify, webauthn:extension:credBlob: true, webauthn:extension:largeBlob: true, webauthn:extension:minPinLength: true, webauthn:extension:prf: true, webauthn:virtualAuthenticators: true}
Session ID: b72c513026a5216b011cddef3aa60251
2025-02-21 16:48:52 [main] INFO  ACMEproject.Framework.ExecutionDriver - WebDriver initialized successfully.
2025-02-21 16:49:00 [main] INFO  ACMEproject.Framework.ExecutionDriver - ACMEproject URL opened successfully.
2025-02-21 16:49:04 [main] INFO  ACMEproject.Framework.ExecutionDriver - Attempting to log in...
2025-02-21 16:49:04 [main] INFO  ACMEproject.Framework.ExecutionDriver - Alert present while logging in...
2025-02-21 16:49:08 [main] INFO  ACMEproject.Framework.ExecutionDriver - Attempting to log in...
2025-02-21 16:49:08 [main] INFO  ACMEproject.Framework.ExecutionDriver - Login successfully with alert!
2025-02-21 16:49:08 [TestNG-test=Calculator-2] INFO  ACMEproject.Tests.UserOptions.UserOptionsTestCases - running test case checkEdismakermenuandfieds starts....
2025-02-21 16:49:09 [TestNG-test=Calculator-1] INFO  ACMEproject.Tests.LoginModule.LoginTestCases - running test case checkBrokermakermenuAndfieds starts....
2025-02-21 16:49:12 [TestNG-test=Calculator-2] ERROR ACMEproject.Tests.UserOptions.UserOptionsTestCases - Error occurred during checkEdismakermenuandfieds test case...
2025-02-21 16:49:13 [TestNG-test=Calculator-1] INFO  ACMEproject.Tests.LoginModule.LoginTestCases - checkBrokermakermenuAndfieds(priority = 1) tset case passed
2025-02-21 16:49:13 [TestNG-test=Calculator-1] INFO  ACMEproject.Tests.LoginModule.LoginTestCases - running test case checkBrokerrecordSave starts....
2025-02-21 16:49:18 [TestNG-test=Calculator-2] ERROR ACMEproject.Tests.UserOptions.UserOptionsTestCases - Error occurred during checkEdisSaveRecord test case...
2025-02-21 16:49:20 [TestNG-test=Calculator-2] ERROR ACMEproject.Tests.UserOptions.UserOptionsTestCases - Error occurred during checkInvalidclientid test case...
2025-02-21 16:49:20 [TestNG-test=Calculator-1] ERROR ACMEproject.Tests.LoginModule.LoginTestCases - checkBrokerrecordSave(priority = 2) test case Failed..Expected: Record saved and sent for authorization successfully.Actual:Broker Already Exists in Pending Status
2025-02-21 16:49:25 [TestNG-test=Calculator-1] INFO  ACMEproject.Tests.LoginModule.LoginTestCases - running test case SearchBroker starts....
2025-02-21 16:49:27 [TestNG-test=Calculator-1] INFO  ACMEproject.Tests.LoginModule.LoginTestCases - CheckSearchBroker(priority = 3) tset case passed
2025-02-21 16:49:27 [TestNG-test=Calculator-1] INFO  ACMEproject.Tests.LoginModule.LoginTestCases - running test case CheckBrokerUpdate starts....
2025-02-21 16:49:34 [TestNG-test=Calculator-1] INFO  ACMEproject.Tests.LoginModule.LoginTestCases - running test case CheckBrokerNewBtn starts....
2025-02-21 16:49:38 [TestNG-test=Calculator-1] INFO  ACMEproject.Tests.LoginModule.LoginTestCases - running test case CheckBrokerFieldMandateValidation starts....
2025-02-21 16:49:39 [TestNG-test=Calculator-1] INFO  ACMEproject.Tests.LoginModule.LoginTestCases - CheckBrokerFieldMandateValidation(priority = 6) tset case passed
2025-02-21 16:49:39 [TestNG-test=Calculator-1] INFO  ACMEproject.Tests.LoginModule.LoginTestCases - running test case CheckBrokerAlreadyExist starts....
2025-02-21 16:49:41 [TestNG-test=Calculator-1] INFO  ACMEproject.Tests.LoginModule.LoginTestCases - CheckBrokerAlreadyExist(priority = 7) tset case passed
2025-02-21 17:08:49 [main] INFO  ACMEproject.Framework.ExecutionDriver - WebDriver initialized successfully.
2025-02-21 17:08:54 [main] INFO  ACMEproject.Framework.ExecutionDriver - ACMEproject URL opened successfully.
2025-02-21 17:08:56 [main] INFO  ACMEproject.Framework.ExecutionDriver - Attempting to log in...
2025-02-21 17:08:56 [main] INFO  ACMEproject.Framework.ExecutionDriver - Alert present while logging in...
2025-02-21 17:09:01 [main] INFO  ACMEproject.Framework.ExecutionDriver - Attempting to log in...
2025-02-21 17:09:01 [main] INFO  ACMEproject.Framework.ExecutionDriver - Login successfully with alert!
2025-02-21 17:09:01 [main] INFO  ACMEproject.Tests.LoginModule.LoginTestCases - running test case checkBrokermakermenuAndfieds starts....
2025-02-21 17:09:04 [main] INFO  ACMEproject.Tests.LoginModule.LoginTestCases - checkBrokermakermenuAndfieds(priority = 1) tset case passed
2025-02-21 17:09:05 [main] INFO  ACMEproject.Tests.LoginModule.LoginTestCases - running test case checkBrokerrecordSave starts....
2025-02-21 17:09:07 [main] ERROR ACMEproject.Tests.LoginModule.LoginTestCases - checkBrokerrecordSave(priority = 2) test case Failed..Expected: Record saved and sent for authorization successfully.Actual:Broker Already Exists in Pending Status
2025-02-21 17:09:11 [main] INFO  ACMEproject.Tests.LoginModule.LoginTestCases - running test case SearchBroker starts....
2025-02-21 17:09:13 [main] INFO  ACMEproject.Tests.LoginModule.LoginTestCases - CheckSearchBroker(priority = 3) tset case passed
2025-02-21 17:09:13 [main] INFO  ACMEproject.Tests.LoginModule.LoginTestCases - running test case CheckBrokerUpdate starts....
2025-02-21 17:09:21 [main] INFO  ACMEproject.Tests.LoginModule.LoginTestCases - running test case CheckBrokerNewBtn starts....
2025-02-21 17:09:25 [main] INFO  ACMEproject.Tests.LoginModule.LoginTestCases - running test case CheckBrokerFieldMandateValidation starts....
2025-02-21 17:09:26 [main] INFO  ACMEproject.Tests.LoginModule.LoginTestCases - CheckBrokerFieldMandateValidation(priority = 6) tset case passed
2025-02-21 17:09:26 [main] INFO  ACMEproject.Tests.LoginModule.LoginTestCases - running test case CheckBrokerAlreadyExist starts....
2025-02-21 17:09:27 [main] INFO  ACMEproject.Tests.LoginModule.LoginTestCases - CheckBrokerAlreadyExist(priority = 7) tset case passed
2025-02-21 17:09:27 [main] INFO  ACMEproject.Tests.UserOptions.UserOptionsTestCases - running test case checkEdismakermenuandfieds starts....
2025-02-21 17:09:34 [main] ERROR ACMEproject.Tests.UserOptions.UserOptionsTestCases - Error Occurred during checkEdisSaveRecord Test case...Actual:Record Already Exist in Pending Status.Please Authorize record.Expected:Record saved and sent for authorization successfully.
2025-02-26 21:34:50 [main] ERROR ACMEproject.Framework.ExecutionDriver - An error occurred during setup: C:\Users\chinmayk\IdeaProjects\Dematrix\src\main\java\Dematrix2\Utility\Testdata.properties (The system cannot find the path specified)
2025-02-26 21:34:50 [main] ERROR ACMEproject.Tests.LoginModule.LoginTestCases - Error occurred during checkBrokermakermenuAndfieds test case...
2025-02-26 21:34:51 [main] INFO  ACMEproject.Tests.LoginModule.LoginTestCases - running test case checkBrokerrecordSave starts....
2025-02-26 21:34:51 [main] ERROR ACMEproject.Tests.LoginModule.LoginTestCases - Error occurred during checkBrokerrecordSave test case...
2025-02-26 21:34:51 [main] INFO  ACMEproject.Tests.LoginModule.LoginTestCases - running test case SearchBroker starts....
2025-02-26 21:34:51 [main] INFO  ACMEproject.Tests.LoginModule.LoginTestCases - running test case CheckBrokerUpdate starts....
2025-02-26 21:34:51 [main] INFO  ACMEproject.Tests.LoginModule.LoginTestCases - running test case CheckBrokerNewBtn starts....
2025-02-26 21:34:51 [main] INFO  ACMEproject.Tests.LoginModule.LoginTestCases - running test case CheckBrokerFieldMandateValidation starts....
2025-02-26 21:34:52 [main] INFO  ACMEproject.Tests.LoginModule.LoginTestCases - running test case CheckBrokerAlreadyExist starts....
2025-02-26 21:34:52 [main] INFO  ACMEproject.Tests.UserOptions.UserOptionsTestCases - running test case checkEdismakermenuandfieds starts....
2025-02-26 21:34:52 [main] ERROR ACMEproject.Tests.UserOptions.UserOptionsTestCases - Error occurred during checkEdismakermenuandfieds test case...
2025-02-26 21:34:52 [main] ERROR ACMEproject.Tests.UserOptions.UserOptionsTestCases - Error occurred during checkEdisSaveRecord test case...
2025-02-26 21:34:52 [main] ERROR ACMEproject.Tests.UserOptions.UserOptionsTestCases - Error occurred during checkInvalidclientid test case...
2025-02-26 22:02:59 [main] ERROR ACMEproject.Framework.ExecutionDriver - An error occurred during setup: C:\Users\chinmayk\IdeaProjects\Dematrix\src\main\java\Dematrix2\Utility\Testdata.properties (The system cannot find the path specified)
2025-02-26 22:02:59 [main] INFO  ACMEproject.Tests.LoginModule.LoginTestCases - running test case checkloginsuccessfully starts....
2025-02-26 22:02:59 [main] ERROR ACMEproject.Tests.LoginModule.LoginTestCases - Error occurred during checkloginsuccessfully test case...
2025-02-26 22:05:39 [main] INFO  ACMEproject.Framework.ExecutionDriver - WebDriver initialized successfully.
2025-02-26 22:05:42 [main] INFO  ACMEproject.Framework.ExecutionDriver - ACME URL opened successfully.
2025-02-26 22:05:42 [main] INFO  ACMEproject.Tests.LoginModule.LoginTestCases - running test case checkloginsuccessfully starts....
2025-02-26 22:05:42 [main] ERROR ACMEproject.Tests.LoginModule.LoginTestCases - Error occurred during checkloginsuccessfully test case...
2025-02-26 22:07:28 [main] INFO  ACMEproject.Framework.ExecutionDriver - WebDriver initialized successfully.
2025-02-26 22:07:33 [main] INFO  ACMEproject.Framework.ExecutionDriver - ACME URL opened successfully.
2025-02-26 22:07:33 [main] INFO  ACMEproject.Tests.LoginModule.LoginTestCases - running test case checkloginsuccessfully starts....
2025-02-26 22:07:33 [main] ERROR ACMEproject.Tests.LoginModule.LoginTestCases - Error occurred during checkloginsuccessfully test case...java.io.FileNotFoundException: C:\Users\chinmayk\IdeaProjects\Dematrix\src\main\java\Dematrix2\Utility\Testdata.properties (The system cannot find the path specified)
2025-02-26 22:09:17 [main] INFO  ACMEproject.Framework.ExecutionDriver - WebDriver initialized successfully.
2025-02-26 22:09:20 [main] INFO  ACMEproject.Framework.ExecutionDriver - ACME URL opened successfully.
2025-02-26 22:09:20 [main] INFO  ACMEproject.Tests.LoginModule.LoginTestCases - running test case checkloginsuccessfully starts....
2025-02-26 22:09:25 [main] ERROR ACMEproject.Tests.LoginModule.LoginTestCases - Error occurred during checkloginsuccessfully test case...org.openqa.selenium.NoSuchElementException: no such element: Unable to locate element: {"method":"css selector","selector":"#txtBrokerName1"}
  (Session info: chrome=133.0.6943.127)
For documentation on this error, please visit: https://www.selenium.dev/documentation/webdriver/troubleshooting/errors#no-such-element-exception
Build info: version: '4.27.0', revision: 'd6e718d134'
System info: os.name: 'Windows 10', os.arch: 'amd64', os.version: '10.0', java.version: '17.0.12'
Driver info: org.openqa.selenium.chrome.ChromeDriver
Command: [e75100a8ce001ac94c4c6ccf754480f0, findElement {using=id, value=txtBrokerName1}]
Capabilities {acceptInsecureCerts: false, browserName: chrome, browserVersion: 133.0.6943.127, chrome: {chromedriverVersion: 133.0.6943.141 (2a5d6da0d61..., userDataDir: C:\Users\Acer\AppData\Local...}, fedcm:accounts: true, goog:chromeOptions: {debuggerAddress: localhost:61511}, networkConnectionEnabled: false, pageLoadStrategy: normal, platformName: windows, proxy: Proxy(), se:cdp: ws://localhost:61511/devtoo..., se:cdpVersion: 133.0.6943.127, setWindowRect: true, strictFileInteractability: false, timeouts: {implicit: 0, pageLoad: 300000, script: 30000}, unhandledPromptBehavior: dismiss and notify, webauthn:extension:credBlob: true, webauthn:extension:largeBlob: true, webauthn:extension:minPinLength: true, webauthn:extension:prf: true, webauthn:virtualAuthenticators: true}
Session ID: e75100a8ce001ac94c4c6ccf754480f0
2025-02-26 22:13:25 [main] INFO  ACMEproject.Framework.ExecutionDriver - WebDriver initialized successfully.
2025-02-26 22:13:34 [main] INFO  ACMEproject.Framework.ExecutionDriver - ACME URL opened successfully.
2025-02-26 22:13:35 [main] INFO  ACMEproject.Tests.LoginModule.LoginTestCases - running test case checkloginsuccessfully starts....
2025-02-26 22:13:49 [main] INFO  ACMEproject.Tests.LoginModule.LoginTestCases - checkloginsuccessfully(priority = 2) test case passed
